[2025-11-11T04:08:36.053Z] registry=0x8A791620dd6260079BF849Dc5567aDC3F2FdC318 elig=4 payout=4
[2025-11-11T04:41:43.122Z] step=phase1-detect openDataRegistry=0xe7f1725E7734CE288F8367e1Bb143E90bb3F0512 policyDataView=0xDc64a140Aa3E981100a9becA4E685f962f0cF6C9
[2025-11-11T04:41:49.911Z] step=programs-deploy registry=0x322813Fd9A801c5507c9de605d63CEA4f2CE6c44 modules={"101":{"address":"0xa85233C63b9Ee964Add6F2cffe00Fd84eb32338f","name":"ProgramModule_IoT"},"102":{"address":"0x4A679253410272dd5232B3Ff7cF5dbB88f295319","name":"ProgramModule_Vehicle"},"103":{"address":"0x7a2088a1bFc9d81c55368AE168C2C02570cB814F","name":"ProgramModule_Fixed"},"104":{"address":"0x09635F643e140090A9A8Dcd712eD6285858ceBef","name":"ProgramModule_Construction"}}
[2025-11-11T04:41:59.188Z] step=programs-evaluate attempted=4 successes=4 skipped=0
[2025-11-11T04:42:03.643Z] step=programs-export registry=0x322813Fd9A801c5507c9de605d63CEA4f2CE6c44 elig=4 payout=4
[2025-11-11T04:50:13.426Z] step=phase1-detect openDataRegistry=0xe7f1725E7734CE288F8367e1Bb143E90bb3F0512 policyDataView=0xDc64a140Aa3E981100a9becA4E685f962f0cF6C9
[2025-11-11T04:52:29.383Z] step=phase1-detect openDataRegistry=0xe7f1725E7734CE288F8367e1Bb143E90bb3F0512 policyDataView=0xDc64a140Aa3E981100a9becA4E685f962f0cF6C9
[2025-11-11T04:52:42.410Z] step=programs-deploy registry=0x8A791620dd6260079BF849Dc5567aDC3F2FdC318 modules={"101":{"address":"0x610178dA211FEF7D417bC0e6FeD39F05609AD788","name":"ProgramModule_IoT"},"102":{"address":"0xB7f8BC63BbcaD18155201308C8f3540b07f84F5e","name":"ProgramModule_Vehicle"},"103":{"address":"0xA51c1fc2f0D1a1b8494Ed1FE312d7C3a78Ed91C0","name":"ProgramModule_Fixed"},"104":{"address":"0x0DCd1Bf9A1b36cE34237eEaFef220932846BCD82","name":"ProgramModule_Construction"}}
[2025-11-11T04:53:08.973Z] step=programs-evaluate attempted=4 successes=4 skipped=0
[2025-11-11T04:53:26.205Z] step=programs-export registry=0x8A791620dd6260079BF849Dc5567aDC3F2FdC318 elig=4 payout=4
[2025-11-11T05:01:40.565Z] step=phase1-detect openDataRegistry=0xe7f1725E7734CE288F8367e1Bb143E90bb3F0512 policyDataView=0xDc64a140Aa3E981100a9becA4E685f962f0cF6C9
[2025-11-11T05:01:41.606Z] step=programs-deploy registry=0x322813Fd9A801c5507c9de605d63CEA4f2CE6c44 modules={"101":{"address":"0xa85233C63b9Ee964Add6F2cffe00Fd84eb32338f","name":"ProgramModule_IoT"},"102":{"address":"0x4A679253410272dd5232B3Ff7cF5dbB88f295319","name":"ProgramModule_Vehicle"},"103":{"address":"0x7a2088a1bFc9d81c55368AE168C2C02570cB814F","name":"ProgramModule_Fixed"},"104":{"address":"0x09635F643e140090A9A8Dcd712eD6285858ceBef","name":"ProgramModule_Construction"}}
[2025-11-11T05:01:43.293Z] step=programs-evaluate attempted=4 successes=4 skipped=0
[2025-11-11T05:01:44.149Z] step=programs-export registry=0x322813Fd9A801c5507c9de605d63CEA4f2CE6c44 elig=4 payout=4
[2025-11-11T05:03:05.205Z] step=phase1-detect openDataRegistry=0xe7f1725E7734CE288F8367e1Bb143E90bb3F0512 policyDataView=0xDc64a140Aa3E981100a9becA4E685f962f0cF6C9
[2025-11-11T05:03:06.004Z] step=programs-deploy registry=0x5FbDB2315678afecb367f032d93F642f64180aa3 modules={"101":{"address":"0xe7f1725E7734CE288F8367e1Bb143E90bb3F0512","name":"ProgramModule_IoT"},"102":{"address":"0x9fE46736679d2D9a65F0992F2272dE9f3c7fa6e0","name":"ProgramModule_Vehicle"},"103":{"address":"0xCf7Ed3AccA5a467e9e704C703E8D87F634fB0Fc9","name":"ProgramModule_Fixed"},"104":{"address":"0xDc64a140Aa3E981100a9becA4E685f962f0cF6C9","name":"ProgramModule_Construction"}}
[2025-11-11T05:03:07.539Z] step=programs-evaluate attempted=4 successes=4 skipped=0
[2025-11-11T05:03:08.384Z] step=programs-export registry=0x5FbDB2315678afecb367f032d93F642f64180aa3 elig=4 payout=4
[2025-11-11T05:13:49.809Z] step=phase1-detect openDataRegistry=0xe7f1725E7734CE288F8367e1Bb143E90bb3F0512 policyDataView=0xDc64a140Aa3E981100a9becA4E685f962f0cF6C9
[2025-11-11T05:13:50.719Z] step=programs-deploy registry=0x9A676e781A523b5d0C0e43731313A708CB607508 modules={"101":{"address":"0x0B306BF915C4d645ff596e518fAf3F9669b97016","name":"ProgramModule_IoT"},"102":{"address":"0x959922bE3CAee4b8Cd9a407cc3ac1C251C2007B1","name":"ProgramModule_Vehicle"},"103":{"address":"0x9A9f2CCfdE556A7E9Ff0848998Aa4a0CFD8863AE","name":"ProgramModule_Fixed"},"104":{"address":"0x68B1D87F95878fE05B998F19b66F4baba5De1aed","name":"ProgramModule_Construction"}}
[2025-11-11T05:13:52.308Z] step=programs-evaluate attempted=4 successes=4 skipped=0
[2025-11-11T05:13:53.070Z] step=programs-export registry=0x9A676e781A523b5d0C0e43731313A708CB607508 elig=4 payout=4
[2025-11-11T05:24:48.323Z] step=phase1-detect openDataRegistry=0xe7f1725E7734CE288F8367e1Bb143E90bb3F0512 policyDataView=0xDc64a140Aa3E981100a9becA4E685f962f0cF6C9
[2025-11-11T05:24:49.214Z] step=programs-deploy registry=0xc5a5C42992dECbae36851359345FE25997F5C42d modules={"101":{"address":"0x67d269191c92Caf3cD7723F116c85e6E9bf55933","name":"ProgramModule_IoT"},"102":{"address":"0xE6E340D132b5f46d1e472DebcD681B2aBc16e57E","name":"ProgramModule_Vehicle"},"103":{"address":"0xc3e53F4d16Ae77Db1c982e75a937B9f60FE63690","name":"ProgramModule_Fixed"},"104":{"address":"0x84eA74d481Ee0A5332c457a4d796187F6Ba67fEB","name":"ProgramModule_Construction"}}
[2025-11-11T05:24:50.835Z] step=programs-evaluate attempted=4 successes=4 skipped=0
[2025-11-11T05:24:51.622Z] step=programs-export registry=0xc5a5C42992dECbae36851359345FE25997F5C42d elig=4 payout=4
[2025-11-11T05:27:35.406Z] step=phase1-detect openDataRegistry=0xe7f1725E7734CE288F8367e1Bb143E90bb3F0512 policyDataView=0xDc64a140Aa3E981100a9becA4E685f962f0cF6C9
[2025-11-11T05:27:36.246Z] step=programs-deploy registry=0x5FbDB2315678afecb367f032d93F642f64180aa3 modules={"101":{"address":"0xe7f1725E7734CE288F8367e1Bb143E90bb3F0512","name":"ProgramModule_IoT"},"102":{"address":"0x9fE46736679d2D9a65F0992F2272dE9f3c7fa6e0","name":"ProgramModule_Vehicle"},"103":{"address":"0xCf7Ed3AccA5a467e9e704C703E8D87F634fB0Fc9","name":"ProgramModule_Fixed"},"104":{"address":"0xDc64a140Aa3E981100a9becA4E685f962f0cF6C9","name":"ProgramModule_Construction"}}
[2025-11-11T05:27:37.780Z] step=programs-evaluate attempted=4 successes=4 skipped=0
[2025-11-11T05:27:38.567Z] step=programs-export registry=0x5FbDB2315678afecb367f032d93F642f64180aa3 elig=4 payout=4
[2025-11-11T05:42:38.758Z] step=phase1-detect openDataRegistry=0xe7f1725E7734CE288F8367e1Bb143E90bb3F0512 policyDataView=0xDc64a140Aa3E981100a9becA4E685f962f0cF6C9
[2025-11-11T05:42:39.640Z] step=programs-deploy registry=0xe7f1725E7734CE288F8367e1Bb143E90bb3F0512 modules={"101":{"address":"0x9fE46736679d2D9a65F0992F2272dE9f3c7fa6e0","name":"ProgramModule_IoT"},"102":{"address":"0xCf7Ed3AccA5a467e9e704C703E8D87F634fB0Fc9","name":"ProgramModule_Vehicle"},"103":{"address":"0xDc64a140Aa3E981100a9becA4E685f962f0cF6C9","name":"ProgramModule_Fixed"},"104":{"address":"0x5FC8d32690cc91D4c39d9d3abcBD16989F875707","name":"ProgramModule_Construction"}}
[2025-11-11T05:42:41.276Z] step=programs-evaluate attempted=4 successes=4 skipped=0
[2025-11-11T05:42:42.151Z] step=programs-export registry=0xe7f1725E7734CE288F8367e1Bb143E90bb3F0512 elig=4 payout=4
[2025-11-11T06:05:39.289Z] step=phase1-detect openDataRegistry=0xe7f1725E7734CE288F8367e1Bb143E90bb3F0512 policyDataView=0xDc64a140Aa3E981100a9becA4E685f962f0cF6C9
[2025-11-11T06:05:40.153Z] step=programs-deploy registry=0xe7f1725E7734CE288F8367e1Bb143E90bb3F0512 modules={"101":{"address":"0x9fE46736679d2D9a65F0992F2272dE9f3c7fa6e0","name":"ProgramModule_IoT"},"102":{"address":"0xCf7Ed3AccA5a467e9e704C703E8D87F634fB0Fc9","name":"ProgramModule_Vehicle"},"103":{"address":"0xDc64a140Aa3E981100a9becA4E685f962f0cF6C9","name":"ProgramModule_Fixed"},"104":{"address":"0x5FC8d32690cc91D4c39d9d3abcBD16989F875707","name":"ProgramModule_Construction"}}
[2025-11-11T06:05:41.754Z] step=programs-evaluate attempted=4 successes=4 skipped=0
[2025-11-11T06:05:42.713Z] step=programs-export registry=0xe7f1725E7734CE288F8367e1Bb143E90bb3F0512 elig=4 payout=4
[2025-11-11T06:59:15.372Z] step=programs-deploy registry=0x610178dA211FEF7D417bC0e6FeD39F05609AD788 modules={"101":{"address":"0xB7f8BC63BbcaD18155201308C8f3540b07f84F5e","name":"ProgramModule_IoT"},"102":{"address":"0xA51c1fc2f0D1a1b8494Ed1FE312d7C3a78Ed91C0","name":"ProgramModule_Vehicle"},"103":{"address":"0x0DCd1Bf9A1b36cE34237eEaFef220932846BCD82","name":"ProgramModule_Fixed"},"104":{"address":"0x9A676e781A523b5d0C0e43731313A708CB607508","name":"ProgramModule_Construction"}}
[2025-11-11T06:59:16.228Z] step=programs-evaluate attempted=4 successes=4 skipped=0
[2025-11-11T06:59:16.995Z] step=programs-export registry=0x610178dA211FEF7D417bC0e6FeD39F05609AD788 elig=4 payout=4
[2025-11-11T07:01:21.891Z] step=programs-deploy registry=0x322813Fd9A801c5507c9de605d63CEA4f2CE6c44 modules={"101":{"address":"0xa85233C63b9Ee964Add6F2cffe00Fd84eb32338f","name":"ProgramModule_IoT"},"102":{"address":"0x4A679253410272dd5232B3Ff7cF5dbB88f295319","name":"ProgramModule_Vehicle"},"103":{"address":"0x7a2088a1bFc9d81c55368AE168C2C02570cB814F","name":"ProgramModule_Fixed"},"104":{"address":"0x09635F643e140090A9A8Dcd712eD6285858ceBef","name":"ProgramModule_Construction"}}
[2025-11-11T07:01:22.647Z] step=programs-evaluate attempted=4 successes=4 skipped=0
[2025-11-11T07:01:23.399Z] step=programs-export registry=0x322813Fd9A801c5507c9de605d63CEA4f2CE6c44 elig=4 payout=4
[2025-11-11T07:01:35.336Z] step=programs-deploy registry=0x851356ae760d987E095750cCeb3bC6014560891C modules={"101":{"address":"0xf5059a5D33d5853360D16C683c16e67980206f36","name":"ProgramModule_IoT"},"102":{"address":"0x95401dc811bb5740090279Ba06cfA8fcF6113778","name":"ProgramModule_Vehicle"},"103":{"address":"0x998abeb3E57409262aE5b751f60747921B33613E","name":"ProgramModule_Fixed"},"104":{"address":"0x70e0bA845a1A0F2DA3359C97E0285013525FFC49","name":"ProgramModule_Construction"}}
[2025-11-11T07:01:36.111Z] step=programs-evaluate attempted=4 successes=4 skipped=0
[2025-11-11T07:01:36.857Z] step=programs-export registry=0x851356ae760d987E095750cCeb3bC6014560891C elig=4 payout=4
[2025-11-11T07:01:41.695Z] step=programs-deploy registry=0x4c5859f0F772848b2D91F1D83E2Fe57935348029 modules={"101":{"address":"0x1291Be112d480055DaFd8a610b7d1e203891C274","name":"ProgramModule_IoT"},"102":{"address":"0x5f3f1dBD7B74C6B46e8c44f98792A1dAf8d69154","name":"ProgramModule_Vehicle"},"103":{"address":"0xb7278A61aa25c888815aFC32Ad3cC52fF24fE575","name":"ProgramModule_Fixed"},"104":{"address":"0xCD8a1C3ba11CF5ECfa6267617243239504a98d90","name":"ProgramModule_Construction"}}
[2025-11-11T07:01:42.591Z] step=programs-evaluate attempted=4 successes=4 skipped=0
[2025-11-11T07:01:43.375Z] step=programs-export registry=0x4c5859f0F772848b2D91F1D83E2Fe57935348029 elig=4 payout=4
